<?xml version="1.0" encoding="UTF-8"?>
<!-- Generated by org.testng.reporters.JUnitXMLReporter -->
<testsuite ignored="1" hostname="DESKTOP-G89LPAG" failures="0" tests="2" name="College" time="0.118" errors="0" timestamp="2022-10-23T22:03:16 IST">
  <testcase classname="confilq.lime.Program1" name="AdmissionBrokenlinks" time="0.017"/>
  <testcase classname="confilq.lime.Program1" name="forignsite" time="0.005"/>
  <testcase classname="confilq.lime.Program1" name="AdmissionLogin" time="0.0">
    <ignored/>
  </testcase> <!-- AdmissionLogin -->
</testsuite> <!-- College -->
